

HI-TECH Software PIC LITE Macro Assembler V9.82 build 9453 
                                                                                               Tue Aug 02 16:05:07 2016

HI-TECH Software Omniscient Code Generator (Lite mode) build 9453
     1  0000                     opt subtitle "HI-TECH Software Omniscient Code Generator (Lite mode) build 9453"
     2                           
     3                           opt pagewidth 120
     4                           
     5                           	opt lm
     6                           
     7                           	processor	16F877A
     8                           clrc	macro
     9                           	bcf	3,0
    10  0000                     	endm
    11                           clrz	macro
    12                           	bcf	3,2
    13  0000                     	endm
    14                           setc	macro
    15                           	bsf	3,0
    16  0000                     	endm
    17                           setz	macro
    18                           	bsf	3,2
    19  0000                     	endm
    20                           skipc	macro
    21                           	btfss	3,0
    22  0000                     	endm
    23                           skipz	macro
    24                           	btfss	3,2
    25  0000                     	endm
    26                           skipnc	macro
    27                           	btfsc	3,0
    28  0000                     	endm
    29                           skipnz	macro
    30                           	btfsc	3,2
    31  0000                     	endm
    32  0000                     indf	equ	0
    33  0000                     indf0	equ	0
    34  0002                     pc	equ	2
    35  0002                     pcl	equ	2
    36  0003                     status	equ	3
    37  0004                     fsr	equ	4
    38  0004                     fsr0	equ	4
    39  0001                     c	equ	1
    40  0000                     z	equ	0
    41  000A                     pclath	equ	10
    42                           	FNCALL	_main,_DelayMs
    43                           	FNROOT	_main
    44                           	global	_PORTB
    45                           psect	maintext,global,class=CODE,delta=2
    46                           global __pmaintext
    47  0791                     __pmaintext:
    48  0006                     _PORTB	set	6
    49                           	global	_CARRY
    50  0018                     _CARRY	set	24
    51                           	global	_GIE
    52  005F                     _GIE	set	95
    53                           	global	_TRISB
    54  0086                     _TRISB	set	134
    55                           	global	_EEADR
    56  010D                     _EEADR	set	269
    57                           	global	_EEDATA
    58  010C                     _EEDATA	set	268
    59                           	global	_EECON1
    60  018C                     _EECON1	set	396
    61                           	global	_EECON2
    62  018D                     _EECON2	set	397
    63                           	global	_RD
    64  0C60                     _RD	set	3168
    65                           	global	_WR
    66  0C61                     _WR	set	3169
    67                           	global	_WREN
    68  0C62                     _WREN	set	3170
    69                           	file	"sevensegment.as"
    70                           	line	#
    71                           psect cinit,class=CODE,delta=2
    72                           global start_initialization
    73  076C                     start_initialization:
    74                           
    75                           psect cinit,class=CODE,delta=2
    76                           global end_of_initialization
    77                           
    78                           ;End of C runtime variable initialization code
    79                           
    80  076C                     end_of_initialization:
    81  076C  0183               clrf status
    82  076D  120A  118A  2F91   ljmp _main	;jump to C main() function
    83                           psect	cstackCOMMON,class=COMMON,space=1
    84                           global __pcstackCOMMON
    85  0070                     __pcstackCOMMON:
    86                           	global	?_DelayMs
    87  0070                     ?_DelayMs:	; 0 bytes @ 0x0
    88                           	global	??_DelayMs
    89  0070                     ??_DelayMs:	; 0 bytes @ 0x0
    90                           	global	?_main
    91  0070                     ?_main:	; 0 bytes @ 0x0
    92  0070                     	ds	1
    93                           	global	DelayMs@cnt
    94  0071                     DelayMs@cnt:	; 1 bytes @ 0x1
    95  0071                     	ds	1
    96                           	global	DelayMs@i
    97  0072                     DelayMs@i:	; 1 bytes @ 0x2
    98  0072                     	ds	1
    99                           	global	DelayMs@_dcnt
   100  0073                     DelayMs@_dcnt:	; 1 bytes @ 0x3
   101  0073                     	ds	1
   102                           	global	??_main
   103  0074                     ??_main:	; 0 bytes @ 0x4
   104 ;;Data sizes: Strings 0, constant 0, data 0, bss 0, persistent 0 stack 0
   105 ;;Auto spaces:   Size  Autos    Used
   106 ;; COMMON          14      4       4
   107 ;; BANK0           80      0       0
   108 ;; BANK1           80      0       0
   109 ;; BANK3           96      0       0
   110 ;; BANK2           96      0       0
   111                           
   112 ;;
   113 ;; Pointer list with targets:
   114                           
   115                           
   116                           
   117 ;;
   118 ;; Critical Paths under _main in COMMON
   119 ;;
   120 ;;   _main->_DelayMs
   121 ;;
   122 ;; Critical Paths under _main in BANK0
   123 ;;
   124 ;;   None.
   125 ;;
   126 ;; Critical Paths under _main in BANK1
   127 ;;
   128 ;;   None.
   129 ;;
   130 ;; Critical Paths under _main in BANK3
   131 ;;
   132 ;;   None.
   133 ;;
   134 ;; Critical Paths under _main in BANK2
   135 ;;
   136 ;;   None.
   137                           
   138 ;;
   139 ;;Main: autosize = 0, tempsize = 0, incstack = 0, save=0
   140 ;;
   141                           
   142 ;;
   143 ;;Call Graph Tables:
   144 ;;
   145 ;; ---------------------------------------------------------------------------------
   146 ;; (Depth) Function   	        Calls       Base Space   Used Autos Params    Refs
   147 ;; ---------------------------------------------------------------------------------
   148 ;; (0) _main                                                 0     0      0      45
   149 ;;                            _DelayMs
   150 ;; ---------------------------------------------------------------------------------
   151 ;; (1) _DelayMs                                              4     4      0      45
   152 ;;                                              0 COMMON     4     4      0
   153 ;; ---------------------------------------------------------------------------------
   154 ;; Estimated maximum stack depth 1
   155 ;; ---------------------------------------------------------------------------------
   156                           
   157 ;; Call Graph Graphs:
   158                           
   159 ;; _main (ROOT)
   160 ;;   _DelayMs
   161 ;;
   162                           
   163 ;; Address spaces:
   164                           
   165 ;;Name               Size   Autos  Total    Cost      Usage
   166 ;;BITCOMMON            E      0       0       0        0.0%
   167 ;;EEDATA             100      0       0       0        0.0%
   168 ;;NULL                 0      0       0       0        0.0%
   169 ;;CODE                 0      0       0       0        0.0%
   170 ;;COMMON               E      4       4       1       28.6%
   171 ;;BITSFR0              0      0       0       1        0.0%
   172 ;;SFR0                 0      0       0       1        0.0%
   173 ;;BITSFR1              0      0       0       2        0.0%
   174 ;;SFR1                 0      0       0       2        0.0%
   175 ;;STACK                0      0       1       2        0.0%
   176 ;;ABS                  0      0       0       3        0.0%
   177 ;;BITBANK0            50      0       0       4        0.0%
   178 ;;BITSFR3              0      0       0       4        0.0%
   179 ;;SFR3                 0      0       0       4        0.0%
   180 ;;BANK0               50      0       0       5        0.0%
   181 ;;BITSFR2              0      0       0       5        0.0%
   182 ;;SFR2                 0      0       0       5        0.0%
   183 ;;BITBANK1            50      0       0       6        0.0%
   184 ;;BANK1               50      0       0       7        0.0%
   185 ;;BITBANK3            60      0       0       8        0.0%
   186 ;;BANK3               60      0       0       9        0.0%
   187 ;;BITBANK2            60      0       0      10        0.0%
   188 ;;BANK2               60      0       0      11        0.0%
   189 ;;DATA                 0      0       0      12        0.0%
   190                           
   191                           	global	_main
   192                           psect	maintext
   193                           
   194 ;; *************** function _main *****************
   195 ;; Defined at:
   196 ;;		line 4 in file "F:\Prolific\pic_s\pic_pgm\9    7 SEGMENT DISPLAY(1)\main.c"
   197 ;; Parameters:    Size  Location     Type
   198 ;;		None
   199 ;; Auto vars:     Size  Location     Type
   200 ;;		None
   201 ;; Return value:  Size  Location     Type
   202 ;;		None               void
   203 ;; Registers used:
   204 ;;		wreg, status,2, status,0, pclath, cstack
   205 ;; Tracked objects:
   206 ;;		On entry : 17F/0
   207 ;;		On exit  : 0/0
   208 ;;		Unchanged: 0/0
   209 ;; Data sizes:     COMMON   BANK0   BANK1   BANK3   BANK2
   210 ;;      Params:         0       0       0       0       0
   211 ;;      Locals:         0       0       0       0       0
   212 ;;      Temps:          0       0       0       0       0
   213 ;;      Totals:         0       0       0       0       0
   214 ;;Total ram usage:        0 bytes
   215 ;; Hardware stack levels required when called:    1
   216 ;; This function calls:
   217 ;;		_DelayMs
   218 ;; This function is called by:
   219 ;;		Startup code after reset
   220 ;; This function uses a non-reentrant model
   221 ;;
   222                           psect	maintext
   223                           	file	"F:\Prolific\pic_s\pic_pgm\9    7 SEGMENT DISPLAY(1)\main.c"
   224                           	line	4
   225                           	global	__size_of_main
   226  006F                     	__size_of_main	equ	__end_of_main-_main
   227                           	
   228  0791                     _main:	
   229                           	opt	stack 7
   230                           ; Regs used in _main: [wreg+status,2+status,0+pclath+cstack]
   231                           	line	5
   232                           	
   233  0791                     l2613:	
   234                           ;main.c: 5: TRISB=0X00;
   235  0791  1683               	bsf	status, 5	;RP0=1, select bank1
   236  0792  1303               	bcf	status, 6	;RP1=0, select bank1
   237  0793  0186               	clrf	(134)^080h	;volatile
   238                           	line	6
   239                           ;main.c: 6: PORTB=0X00;
   240  0794  1283               	bcf	status, 5	;RP0=0, select bank0
   241  0795  1303               	bcf	status, 6	;RP1=0, select bank0
   242  0796  0186               	clrf	(6)	;volatile
   243  0797  2F98               	goto	l2615
   244                           	line	7
   245                           ;main.c: 7: while(1)
   246                           	
   247  0798                     l697:	
   248                           	line	9
   249                           	
   250  0798                     l2615:	
   251                           ;main.c: 8: {
   252                           ;main.c: 9: PORTB=0X40;
   253  0798  3040               	movlw	(040h)
   254  0799  1283               	bcf	status, 5	;RP0=0, select bank0
   255  079A  1303               	bcf	status, 6	;RP1=0, select bank0
   256  079B  0086               	movwf	(6)	;volatile
   257                           	line	10
   258                           	
   259  079C                     l2617:	
   260                           ;main.c: 10: DelayMs(200);
   261  079C  30C8               	movlw	(0C8h)
   262  079D  120A  118A  2770   	fcall	_DelayMs
              120A  118A         
   263                           	line	11
   264                           	
   265  07A2                     l2619:	
   266                           ;main.c: 11: PORTB=0XF9;
   267  07A2  30F9               	movlw	(0F9h)
   268  07A3  1283               	bcf	status, 5	;RP0=0, select bank0
   269  07A4  1303               	bcf	status, 6	;RP1=0, select bank0
   270  07A5  0086               	movwf	(6)	;volatile
   271                           	line	12
   272                           	
   273  07A6                     l2621:	
   274                           ;main.c: 12: DelayMs(200);
   275  07A6  30C8               	movlw	(0C8h)
   276  07A7  120A  118A  2770   	fcall	_DelayMs
              120A  118A         
   277                           	line	13
   278                           	
   279  07AC                     l2623:	
   280                           ;main.c: 13: PORTB=0XA4;
   281  07AC  30A4               	movlw	(0A4h)
   282  07AD  1283               	bcf	status, 5	;RP0=0, select bank0
   283  07AE  1303               	bcf	status, 6	;RP1=0, select bank0
   284  07AF  0086               	movwf	(6)	;volatile
   285                           	line	14
   286                           	
   287  07B0                     l2625:	
   288                           ;main.c: 14: DelayMs(200);
   289  07B0  30C8               	movlw	(0C8h)
   290  07B1  120A  118A  2770   	fcall	_DelayMs
              120A  118A         
   291                           	line	15
   292                           	
   293  07B6                     l2627:	
   294                           ;main.c: 15: PORTB=0XB0;
   295  07B6  30B0               	movlw	(0B0h)
   296  07B7  1283               	bcf	status, 5	;RP0=0, select bank0
   297  07B8  1303               	bcf	status, 6	;RP1=0, select bank0
   298  07B9  0086               	movwf	(6)	;volatile
   299                           	line	16
   300                           	
   301  07BA                     l2629:	
   302                           ;main.c: 16: DelayMs(200);
   303  07BA  30C8               	movlw	(0C8h)
   304  07BB  120A  118A  2770   	fcall	_DelayMs
              120A  118A         
   305                           	line	17
   306                           	
   307  07C0                     l2631:	
   308                           ;main.c: 17: PORTB=0X99;
   309  07C0  3099               	movlw	(099h)
   310  07C1  1283               	bcf	status, 5	;RP0=0, select bank0
   311  07C2  1303               	bcf	status, 6	;RP1=0, select bank0
   312  07C3  0086               	movwf	(6)	;volatile
   313                           	line	18
   314                           	
   315  07C4                     l2633:	
   316                           ;main.c: 18: DelayMs(200);
   317  07C4  30C8               	movlw	(0C8h)
   318  07C5  120A  118A  2770   	fcall	_DelayMs
              120A  118A         
   319                           	line	19
   320                           	
   321  07CA                     l2635:	
   322                           ;main.c: 19: PORTB=0X92;
   323  07CA  3092               	movlw	(092h)
   324  07CB  1283               	bcf	status, 5	;RP0=0, select bank0
   325  07CC  1303               	bcf	status, 6	;RP1=0, select bank0
   326  07CD  0086               	movwf	(6)	;volatile
   327                           	line	20
   328                           	
   329  07CE                     l2637:	
   330                           ;main.c: 20: DelayMs(200);
   331  07CE  30C8               	movlw	(0C8h)
   332  07CF  120A  118A  2770   	fcall	_DelayMs
              120A  118A         
   333                           	line	21
   334                           	
   335  07D4                     l2639:	
   336                           ;main.c: 21: PORTB=0X82;
   337  07D4  3082               	movlw	(082h)
   338  07D5  1283               	bcf	status, 5	;RP0=0, select bank0
   339  07D6  1303               	bcf	status, 6	;RP1=0, select bank0
   340  07D7  0086               	movwf	(6)	;volatile
   341                           	line	22
   342                           	
   343  07D8                     l2641:	
   344                           ;main.c: 22: DelayMs(200);
   345  07D8  30C8               	movlw	(0C8h)
   346  07D9  120A  118A  2770   	fcall	_DelayMs
              120A  118A         
   347                           	line	23
   348                           	
   349  07DE                     l2643:	
   350                           ;main.c: 23: PORTB=0XF8;
   351  07DE  30F8               	movlw	(0F8h)
   352  07DF  1283               	bcf	status, 5	;RP0=0, select bank0
   353  07E0  1303               	bcf	status, 6	;RP1=0, select bank0
   354  07E1  0086               	movwf	(6)	;volatile
   355                           	line	24
   356                           	
   357  07E2                     l2645:	
   358                           ;main.c: 24: DelayMs(200);
   359  07E2  30C8               	movlw	(0C8h)
   360  07E3  120A  118A  2770   	fcall	_DelayMs
              120A  118A         
   361                           	line	25
   362                           ;main.c: 25: PORTB=0X00;
   363  07E8  1283               	bcf	status, 5	;RP0=0, select bank0
   364  07E9  1303               	bcf	status, 6	;RP1=0, select bank0
   365  07EA  0186               	clrf	(6)	;volatile
   366                           	line	26
   367                           	
   368  07EB                     l2647:	
   369                           ;main.c: 26: DelayMs(200);
   370  07EB  30C8               	movlw	(0C8h)
   371  07EC  120A  118A  2770   	fcall	_DelayMs
              120A  118A         
   372                           	line	27
   373                           	
   374  07F1                     l2649:	
   375                           ;main.c: 27: PORTB=0X90;
   376  07F1  3090               	movlw	(090h)
   377  07F2  1283               	bcf	status, 5	;RP0=0, select bank0
   378  07F3  1303               	bcf	status, 6	;RP1=0, select bank0
   379  07F4  0086               	movwf	(6)	;volatile
   380                           	line	28
   381                           	
   382  07F5                     l2651:	
   383                           ;main.c: 28: DelayMs(200);
   384  07F5  30C8               	movlw	(0C8h)
   385  07F6  120A  118A  2770   	fcall	_DelayMs
              120A  118A         
   386  07FB  2F98               	goto	l2615
   387                           	line	30
   388                           	
   389  07FC                     l698:	
   390                           	line	7
   391  07FC  2F98               	goto	l2615
   392                           	
   393  07FD                     l699:	
   394                           	line	32
   395                           	
   396  07FD                     l700:	
   397                           	global	start
   398  07FD  120A  118A  2800   	ljmp	start
   399                           	opt stack 0
   400                           GLOBAL	__end_of_main
   401  0800                     	__end_of_main:
   402 ;; =============== function _main ends ============
   403                           
   404                           	signat	_main,88
   405                           	global	_DelayMs
   406                           psect	text71,local,class=CODE,delta=2
   407                           global __ptext71
   408  0770                     __ptext71:
   409                           
   410 ;; *************** function _DelayMs *****************
   411 ;; Defined at:
   412 ;;		line 12 in file "F:\Prolific\pic_s\pic_pgm\9    7 SEGMENT DISPLAY(1)\delay.c"
   413 ;; Parameters:    Size  Location     Type
   414 ;;  cnt             1    wreg     unsigned char 
   415 ;; Auto vars:     Size  Location     Type
   416 ;;  cnt             1    1[COMMON] unsigned char 
   417 ;;  _dcnt           1    3[COMMON] unsigned char 
   418 ;;  i               1    2[COMMON] unsigned char 
   419 ;; Return value:  Size  Location     Type
   420 ;;		None               void
   421 ;; Registers used:
   422 ;;		wreg, status,2, status,0
   423 ;; Tracked objects:
   424 ;;		On entry : 0/0
   425 ;;		On exit  : 0/0
   426 ;;		Unchanged: 0/0
   427 ;; Data sizes:     COMMON   BANK0   BANK1   BANK3   BANK2
   428 ;;      Params:         0       0       0       0       0
   429 ;;      Locals:         3       0       0       0       0
   430 ;;      Temps:          1       0       0       0       0
   431 ;;      Totals:         4       0       0       0       0
   432 ;;Total ram usage:        4 bytes
   433 ;; Hardware stack levels used:    1
   434 ;; This function calls:
   435 ;;		Nothing
   436 ;; This function is called by:
   437 ;;		_main
   438 ;; This function uses a non-reentrant model
   439 ;;
   440                           psect	text71
   441                           	file	"F:\Prolific\pic_s\pic_pgm\9    7 SEGMENT DISPLAY(1)\delay.c"
   442                           	line	12
   443                           	global	__size_of_DelayMs
   444  0021                     	__size_of_DelayMs	equ	__end_of_DelayMs-_DelayMs
   445                           	
   446  0770                     _DelayMs:	
   447                           	opt	stack 7
   448                           ; Regs used in _DelayMs: [wreg+status,2+status,0]
   449                           ;DelayMs@cnt stored from wreg
   450  0770  00F1               	movwf	(DelayMs@cnt)
   451                           	line	21
   452                           ;delay.c: 20: unsigned char i;
   453                           ;delay.c: 21: do {
   454                           	
   455  0771                     l3:	
   456                           	line	22
   457                           	
   458  0771                     l1747:	
   459                           ;delay.c: 22: i = 4;
   460  0771  3004               	movlw	(04h)
   461  0772  00F0               	movwf	(??_DelayMs+0)+0
   462  0773  0870               	movf	(??_DelayMs+0)+0,w
   463  0774  00F2               	movwf	(DelayMs@i)
   464                           	line	23
   465                           ;delay.c: 23: do {
   466                           	
   467  0775                     l4:	
   468                           	line	24
   469                           ;delay.c: 24: { unsigned char _dcnt; _dcnt = (250)/((12*1000L)/(4*1000L))|1; while(--_dc
                                 nt != 0) continue; };
   470  0775  3053               	movlw	(053h)
   471  0776  00F0               	movwf	(??_DelayMs+0)+0
   472  0777  0870               	movf	(??_DelayMs+0)+0,w
   473  0778  00F3               	movwf	(DelayMs@_dcnt)
   474  0779  2F7B               	goto	l1749
   475                           	
   476  077A                     l6:	
   477  077A  2F7B               	goto	l1749
   478                           	
   479  077B                     l5:	
   480                           	
   481  077B                     l1749:	
   482  077B  3001               	movlw	low(01h)
   483  077C  02F3               	subwf	(DelayMs@_dcnt),f
   484  077D  1D03               	btfss	status,2
   485  077E  2F80               	goto	u11
   486  077F  2F81               	goto	u10
   487  0780                     u11:
   488  0780  2F7B               	goto	l1749
   489  0781                     u10:
   490  0781  2F82               	goto	l1751
   491                           	
   492  0782                     l7:	
   493                           	line	25
   494                           	
   495  0782                     l1751:	
   496                           ;delay.c: 25: } while(--i);
   497  0782  3001               	movlw	low(01h)
   498  0783  02F2               	subwf	(DelayMs@i),f
   499  0784  1D03               	btfss	status,2
   500  0785  2F87               	goto	u21
   501  0786  2F88               	goto	u20
   502  0787                     u21:
   503  0787  2F75               	goto	l4
   504  0788                     u20:
   505  0788  2F89               	goto	l1753
   506                           	
   507  0789                     l8:	
   508                           	line	26
   509                           	
   510  0789                     l1753:	
   511                           ;delay.c: 26: } while(--cnt);
   512  0789  3001               	movlw	low(01h)
   513  078A  02F1               	subwf	(DelayMs@cnt),f
   514  078B  1D03               	btfss	status,2
   515  078C  2F8E               	goto	u31
   516  078D  2F8F               	goto	u30
   517  078E                     u31:
   518  078E  2F71               	goto	l3
   519  078F                     u30:
   520  078F  2F90               	goto	l10
   521                           	
   522  0790                     l9:	
   523                           	line	28
   524                           	
   525  0790                     l10:	
   526  0790  0008               	return
   527                           	opt stack 0
   528                           GLOBAL	__end_of_DelayMs
   529  0791                     	__end_of_DelayMs:
   530 ;; =============== function _DelayMs ends ============
   531                           
   532                           	signat	_DelayMs,4216
   533                           psect	text72,local,class=CODE,delta=2
   534                           global __ptext72
   535  0000                     __ptext72:
   536                           	global	btemp
   537  007E                     	btemp set 07Eh
   538                           
   539                           	DABS	1,126,2	;btemp
   540                           	global	wtemp0
   541  007E                     	wtemp0 set btemp


HI-TECH Software PICC Macro Assembler V9.82 build 9453 
Symbol Table                                                                                   Tue Aug 02 16:05:07 2016

                   l3 0771                     l4 0775                     l5 077B                     l6 077A  
                   l7 0782                     l8 0789                     l9 0790                    l10 0790  
                  _RD 0C60                    u10 0781                    u11 0780                    u20 0788  
                  u21 0787                    u30 078F                    u31 078E                    _WR 0C61  
                 l700 07FD                   l697 0798                   l698 07FC                   l699 07FD  
                 _GIE 005F                  l2621 07A6                  l2613 0791                  l1751 0782  
                l2631 07C0                  l2623 07AC                  l2615 0798                  l1753 0789  
                l2641 07D8                  l2633 07C4                  l2625 07B0                  l2617 079C  
                l1747 0771                  l2651 07F5                  l2643 07DE                  l2635 07CA  
                l2627 07B6                  l2619 07A2                  l1749 077B                  l2645 07E2  
                l2637 07CE                  l2629 07BA                  l2647 07EB                  l2639 07D4  
                l2649 07F1                  _WREN 0C62                  _main 0791                  btemp 007E  
                start 0000       __end_of_DelayMs 0791                 ?_main 0070                 _EEADR 010D  
               _CARRY 0018                 _PORTB 0006                 _TRISB 0086                 status 0003  
               wtemp0 007E          __end_of_main 0800                ??_main 0074                _EEDATA 010C  
              _EECON1 018C                _EECON2 018D             ??_DelayMs 0070        __pcstackCOMMON 0070  
          __pmaintext 0791               _DelayMs 0770  end_of_initialization 076C          DelayMs@_dcnt 0073  
 start_initialization 076C              ?_DelayMs 0070              DelayMs@i 0072      __size_of_DelayMs 0021  
            __ptext71 0770              __ptext72 0000         __size_of_main 006F            DelayMs@cnt 0071  
