

HI-TECH Software PIC LITE Macro Assembler V9.71a build 6446 
                                                                                               Tue Oct 11 06:41:52 2011

HI-TECH Software Omniscient Code Generator (Lite mode) build 6446
     1  0000                     opt subtitle "HI-TECH Software Omniscient Code Generator (Lite mode) build 6446"
     2                           
     3                           opt pagewidth 120
     4                           
     5                           	opt lm
     6                           
     7                           	processor	16F877A
     8                           clrc	macro
     9                           	bcf	3,0
    10  0000                     	endm
    11                           clrz	macro
    12                           	bcf	3,2
    13  0000                     	endm
    14                           setc	macro
    15                           	bsf	3,0
    16  0000                     	endm
    17                           setz	macro
    18                           	bsf	3,2
    19  0000                     	endm
    20                           skipc	macro
    21                           	btfss	3,0
    22  0000                     	endm
    23                           skipz	macro
    24                           	btfss	3,2
    25  0000                     	endm
    26                           skipnc	macro
    27                           	btfsc	3,0
    28  0000                     	endm
    29                           skipnz	macro
    30                           	btfsc	3,2
    31  0000                     	endm
    32  0000                     indf	equ	0
    33  0000                     indf0	equ	0
    34  0002                     pc	equ	2
    35  0002                     pcl	equ	2
    36  0003                     status	equ	3
    37  0004                     fsr	equ	4
    38  0004                     fsr0	equ	4
    39  0001                     c	equ	1
    40  0000                     z	equ	0
    41  000A                     pclath	equ	10
    42                           	FNROOT	_main
    43                           	global	_PORTB
    44                           psect	maintext,global,class=CODE,delta=2
    45                           global __pmaintext
    46  07E9                     __pmaintext:
    47  0006                     _PORTB	set	6
    48                           	global	_RB0
    49  0030                     _RB0	set	48
    50                           	global	_RD0
    51  0040                     _RD0	set	64
    52                           	global	_TRISB
    53  0086                     _TRISB	set	134
    54                           	global	_TRISD
    55  0088                     _TRISD	set	136
    56                           	file	"ldr rly.as"
    57                           	line	#
    58                           psect cinit,class=CODE,delta=2
    59                           global start_initialization
    60  07E5                     start_initialization:
    61                           
    62                           psect cinit,class=CODE,delta=2
    63                           global end_of_initialization
    64                           
    65                           ;End of C runtime variable initialization code
    66                           
    67  07E5                     end_of_initialization:
    68  07E5  0183               clrf status
    69  07E6  120A  118A  2FE9   ljmp _main	;jump to C main() function
    70                           psect	cstackCOMMON,class=COMMON,space=1
    71                           global __pcstackCOMMON
    72  0000                     __pcstackCOMMON:
    73                           	global	?_main
    74  0000                     ?_main:	; 0 bytes @ 0x0
    75                           	global	??_main
    76  0000                     ??_main:	; 0 bytes @ 0x0
    77 ;;Data sizes: Strings 0, constant 0, data 0, bss 0, persistent 0 stack 0
    78 ;;Auto spaces:   Size  Autos    Used
    79 ;; COMMON          14      0       0
    80 ;; BANK0           80      0       0
    81 ;; BANK1           80      0       0
    82 ;; BANK3           96      0       0
    83 ;; BANK2           96      0       0
    84                           
    85 ;;
    86 ;; Pointer list with targets:
    87                           
    88                           
    89                           
    90 ;;
    91 ;; Critical Paths under _main in COMMON
    92 ;;
    93 ;;   None.
    94 ;;
    95 ;; Critical Paths under _main in BANK0
    96 ;;
    97 ;;   None.
    98 ;;
    99 ;; Critical Paths under _main in BANK1
   100 ;;
   101 ;;   None.
   102 ;;
   103 ;; Critical Paths under _main in BANK3
   104 ;;
   105 ;;   None.
   106 ;;
   107 ;; Critical Paths under _main in BANK2
   108 ;;
   109 ;;   None.
   110                           
   111 ;;
   112 ;;Main: autosize = 0, tempsize = 0, incstack = 0, save=0
   113 ;;
   114                           
   115 ;;
   116 ;;Call Graph Tables:
   117 ;;
   118 ;; ---------------------------------------------------------------------------------
   119 ;; (Depth) Function   	        Calls       Base Space   Used Autos Params    Refs
   120 ;; ---------------------------------------------------------------------------------
   121 ;; (0) _main                                                 0     0      0       0
   122 ;; ---------------------------------------------------------------------------------
   123 ;; Estimated maximum stack depth 0
   124 ;; ---------------------------------------------------------------------------------
   125                           
   126 ;; Call Graph Graphs:
   127                           
   128 ;; _main (ROOT)
   129 ;;
   130                           
   131 ;; Address spaces:
   132                           
   133 ;;Name               Size   Autos  Total    Cost      Usage
   134 ;;BITCOMMON            E      0       0       0        0.0%
   135 ;;EEDATA             100      0       0       0        0.0%
   136 ;;NULL                 0      0       0       0        0.0%
   137 ;;CODE                 0      0       0       0        0.0%
   138 ;;COMMON               E      0       0       1        0.0%
   139 ;;BITSFR0              0      0       0       1        0.0%
   140 ;;SFR0                 0      0       0       1        0.0%
   141 ;;BITSFR1              0      0       0       2        0.0%
   142 ;;SFR1                 0      0       0       2        0.0%
   143 ;;STACK                0      0       0       2        0.0%
   144 ;;ABS                  0      0       0       3        0.0%
   145 ;;BITBANK0            50      0       0       4        0.0%
   146 ;;BITSFR3              0      0       0       4        0.0%
   147 ;;SFR3                 0      0       0       4        0.0%
   148 ;;BANK0               50      0       0       5        0.0%
   149 ;;BITSFR2              0      0       0       5        0.0%
   150 ;;SFR2                 0      0       0       5        0.0%
   151 ;;BITBANK1            50      0       0       6        0.0%
   152 ;;BANK1               50      0       0       7        0.0%
   153 ;;BITBANK3            60      0       0       8        0.0%
   154 ;;BANK3               60      0       0       9        0.0%
   155 ;;BITBANK2            60      0       0      10        0.0%
   156 ;;BANK2               60      0       0      11        0.0%
   157 ;;DATA                 0      0       0      12        0.0%
   158                           
   159                           	global	_main
   160                           psect	maintext
   161                           
   162 ;; *************** function _main *****************
   163 ;; Defined at:
   164 ;;		line 7 in file "C:\Users\V\Desktop\Sample program\LDR and RELAY\main.c"
   165 ;; Parameters:    Size  Location     Type
   166 ;;		None
   167 ;; Auto vars:     Size  Location     Type
   168 ;;		None
   169 ;; Return value:  Size  Location     Type
   170 ;;		None               void
   171 ;; Registers used:
   172 ;;		wreg, status,2
   173 ;; Tracked objects:
   174 ;;		On entry : 17F/0
   175 ;;		On exit  : 0/0
   176 ;;		Unchanged: 0/0
   177 ;; Data sizes:     COMMON   BANK0   BANK1   BANK3   BANK2
   178 ;;      Params:         0       0       0       0       0
   179 ;;      Locals:         0       0       0       0       0
   180 ;;      Temps:          0       0       0       0       0
   181 ;;      Totals:         0       0       0       0       0
   182 ;;Total ram usage:        0 bytes
   183 ;; This function calls:
   184 ;;		Nothing
   185 ;; This function is called by:
   186 ;;		Startup code after reset
   187 ;; This function uses a non-reentrant model
   188 ;;
   189                           psect	maintext
   190                           	file	"C:\Users\V\Desktop\Sample program\LDR and RELAY\main.c"
   191                           	line	7
   192                           	global	__size_of_main
   193  0017                     	__size_of_main	equ	__end_of_main-_main
   194                           	
   195  07E9                     _main:	
   196                           	opt	stack 8
   197                           ; Regs used in _main: [wreg+status,2]
   198                           	line	8
   199                           	
   200  07E9                     l965:	
   201                           ;main.c: 8: TRISB=0;
   202  07E9  1683               	bsf	status, 5	;RP0=1, select bank1
   203  07EA  1303               	bcf	status, 6	;RP1=0, select bank1
   204  07EB  0186               	clrf	(134)^080h	;volatile
   205                           	line	9
   206                           ;main.c: 9: PORTB=0;
   207  07EC  1283               	bcf	status, 5	;RP0=0, select bank0
   208  07ED  1303               	bcf	status, 6	;RP1=0, select bank0
   209  07EE  0186               	clrf	(6)	;volatile
   210                           	line	10
   211                           	
   212  07EF                     l967:	
   213                           ;main.c: 10: TRISD=0XFF;
   214  07EF  30FF               	movlw	(0FFh)
   215  07F0  1683               	bsf	status, 5	;RP0=1, select bank1
   216  07F1  1303               	bcf	status, 6	;RP1=0, select bank1
   217  07F2  0088               	movwf	(136)^080h	;volatile
   218                           	line	11
   219                           ;main.c: 11: while(1)
   220                           	
   221  07F3                     l575:	
   222                           	line	13
   223                           	
   224  07F3                     l969:	
   225                           ;main.c: 12: {
   226                           ;main.c: 13: if(RD0==0)
   227  07F3  1283               	bcf	status, 5	;RP0=0, select bank0
   228  07F4  1303               	bcf	status, 6	;RP1=0, select bank0
   229  07F5  1808               	btfsc	(64/8),(64)&7
   230  07F6  2FF8               	goto	u51
   231  07F7  2FF9               	goto	u50
   232  07F8                     u51:
   233  07F8  2FFB               	goto	l576
   234  07F9                     u50:
   235                           	line	15
   236                           	
   237  07F9                     l971:	
   238                           ;main.c: 14: {
   239                           ;main.c: 15: RB0=0;
   240  07F9  1006               	bcf	(48/8),(48)&7
   241                           	line	16
   242                           ;main.c: 16: }
   243  07FA  2FFC               	goto	l577
   244                           	line	17
   245                           	
   246  07FB                     l576:	
   247                           	line	19
   248                           ;main.c: 17: else
   249                           ;main.c: 18: {
   250                           ;main.c: 19: RB0=1;
   251  07FB  1406               	bsf	(48/8),(48)&7
   252                           	line	20
   253                           	
   254  07FC                     l577:	
   255                           	line	21
   256                           	
   257  07FC                     l578:	
   258                           	line	11
   259  07FC  2FF3               	goto	l575
   260                           	
   261  07FD                     l579:	
   262                           	line	22
   263                           	
   264  07FD                     l580:	
   265                           	global	start
   266  07FD  120A  118A  2800   	ljmp	start
   267                           	opt stack 0
   268                           GLOBAL	__end_of_main
   269  0800                     	__end_of_main:
   270 ;; =============== function _main ends ============
   271                           
   272                           	signat	_main,88
   273                           psect	maintext
   274                           	global	btemp
   275  007E                     	btemp set 07Eh
   276                           
   277                           	DABS	1,126,2	;btemp
   278                           	global	wtemp0
   279  007E                     	wtemp0 set btemp


HI-TECH Software PICC Macro Assembler V9.71a build 6446 
Symbol Table                                                                                   Tue Oct 11 06:41:52 2011

                  u50 07F9                    u51 07F8                   l580 07FD                   l575 07F3  
                 l576 07FB                   l577 07FC                   l578 07FC                   l579 07FD  
                 l971 07F9                   l965 07E9                   l967 07EF                   l969 07F3  
                 _RB0 0030                   _RD0 0040                  _main 07E9                  btemp 007E  
                start 0000                 ?_main 0000                 _PORTB 0006                 _TRISB 0086  
               _TRISD 0088                 status 0003                 wtemp0 007E          __end_of_main 0800  
              ??_main 0000        __pcstackCOMMON 0000            __pmaintext 07E9  end_of_initialization 07E5  
 start_initialization 07E5         __size_of_main 0017  
